<?xml version="1.0" encoding="UTF-8"?>
<testng-results ignored="0" total="1" passed="1" failed="0" skipped="0">
  <reporter-output>
  </reporter-output>
  <suite started-at="2022-07-27T09:26:04 IST" name="Default suite" finished-at="2022-07-27T09:26:13 IST" duration-ms="9033">
    <groups>
    </groups>
    <test started-at="2022-07-27T09:26:04 IST" name="Default test" finished-at="2022-07-27T09:26:13 IST" duration-ms="9033">
      <class name="edu.JulyLearning.extentReportDemo">
        <test-method signature="WebTablesWorking()[pri:0, instance:edu.JulyLearning.extentReportDemo@359f7cdf]" started-at="2022-07-27T09:26:04 IST" name="WebTablesWorking" finished-at="2022-07-27T09:26:13 IST" duration-ms="8987" status="PASS">
          <reporter-output>
          </reporter-output>
        </test-method> <!-- WebTablesWorking -->
      </class> <!-- edu.JulyLearning.extentReportDemo -->
    </test> <!-- Default test -->
  </suite> <!-- Default suite -->
</testng-results>
